{"numTotalTestSuites":2,"numPassedTestSuites":2,"numFailedTestSuites":0,"numPendingTestSuites":0,"numTotalTests":8,"numPassedTests":8,"numFailedTests":0,"numPendingTests":0,"numTodoTests":0,"snapshot":{"added":0,"failure":false,"filesAdded":0,"filesRemoved":0,"filesRemovedList":[],"filesUnmatched":0,"filesUpdated":0,"matched":0,"total":0,"unchecked":0,"uncheckedKeysByFile":[],"unmatched":0,"updated":0,"didUpdate":false},"startTime":1772643297327,"success":true,"testResults":[{"assertionResults":[{"ancestorTitles":["DashboardPage"],"fullName":"DashboardPage should render the page title \"Allocation Dashboard\"","status":"passed","title":"should render the page title \"Allocation Dashboard\"","duration":92.86239999999998,"failureMessages":[],"meta":{}},{"ancestorTitles":["DashboardPage"],"fullName":"DashboardPage should render the Export Report button","status":"passed","title":"should render the Export Report button","duration":140.77780000000007,"failureMessages":[],"meta":{}},{"ancestorTitles":["DashboardPage"],"fullName":"DashboardPage should render four stat cards","status":"passed","title":"should render four stat cards","duration":32.20869999999991,"failureMessages":[],"meta":{}},{"ancestorTitles":["DashboardPage"],"fullName":"DashboardPage should render the \"My Allocations\" section heading","status":"passed","title":"should render the \"My Allocations\" section heading","duration":28.804300000000012,"failureMessages":[],"meta":{}},{"ancestorTitles":["DashboardPage"],"fullName":"DashboardPage should render the Filter by Status button","status":"passed","title":"should render the Filter by Status button","duration":51.06140000000005,"failureMessages":[],"meta":{}},{"ancestorTitles":["DashboardPage"],"fullName":"DashboardPage should render table column headers","status":"passed","title":"should render table column headers","duration":71.85349999999971,"failureMessages":[],"meta":{}},{"ancestorTitles":["DashboardPage"],"fullName":"DashboardPage should display allocation data from the API","status":"passed","title":"should display allocation data from the API","duration":16.427400000000034,"failureMessages":[],"meta":{}},{"ancestorTitles":["DashboardPage"],"fullName":"DashboardPage should show pagination controls","status":"passed","title":"should show pagination controls","duration":49.140100000000075,"failureMessages":[],"meta":{}}],"startTime":1772643299107,"endTime":1772643299590.1401,"status":"passed","message":"","name":"C:/Users/ImadAliMasood/OneDrive - Nexturn/Desktop/projects/NextFlow/NexFlow/src/pages/dashboard-page.test.tsx"}]}
